[debug] [2024-04-30T08:41:19.683Z] ----------------------------------------------------------------------
[debug] [2024-04-30T08:41:19.689Z] Command:       C:\Program Files\nodejs\node.exe C:\Users\peter\AppData\Roaming\npm\node_modules\firebase-tools\lib\bin\firebase.js deploy --only hosting
[debug] [2024-04-30T08:41:19.689Z] CLI Version:   12.9.1
[debug] [2024-04-30T08:41:19.690Z] Platform:      win32
[debug] [2024-04-30T08:41:19.690Z] Node Version:  v20.10.0
[debug] [2024-04-30T08:41:19.690Z] Time:          Tue Apr 30 2024 10:41:19 GMT+0200 (Central European Summer Time)
[debug] [2024-04-30T08:41:19.690Z] ----------------------------------------------------------------------
[debug] 
[debug] [2024-04-30T08:41:19.696Z] >>> [apiv2][query] GET https://firebase-public.firebaseio.com/cli.json [none]
[debug] [2024-04-30T08:41:19.953Z] > command requires scopes: ["email","openid","https://www.googleapis.com/auth/cloudplatformprojects.readonly","https://www.googleapis.com/auth/firebase","https://www.googleapis.com/auth/cloud-platform"]
[debug] [2024-04-30T08:41:19.954Z] > authorizing via signed-in user (peter.easterbrook@gmail.com)
[debug] [2024-04-30T08:41:19.954Z] [iam] checking project vue-find-a-coach-app for permissions ["firebase.projects.get","firebasehosting.sites.update"]
[debug] [2024-04-30T08:41:19.956Z] > refreshing access token with scopes: []
[debug] [2024-04-30T08:41:19.958Z] >>> [apiv2][query] POST https://www.googleapis.com/oauth2/v3/token [none]
[debug] [2024-04-30T08:41:19.958Z] >>> [apiv2][body] POST https://www.googleapis.com/oauth2/v3/token [omitted]
[debug] [2024-04-30T08:41:20.199Z] <<< [apiv2][status] POST https://www.googleapis.com/oauth2/v3/token 200
[debug] [2024-04-30T08:41:20.200Z] <<< [apiv2][body] POST https://www.googleapis.com/oauth2/v3/token [omitted]
[debug] [2024-04-30T08:41:20.211Z] >>> [apiv2][query] POST https://cloudresourcemanager.googleapis.com/v1/projects/vue-find-a-coach-app:testIamPermissions [none]
[debug] [2024-04-30T08:41:20.211Z] >>> [apiv2][(partial)header] POST https://cloudresourcemanager.googleapis.com/v1/projects/vue-find-a-coach-app:testIamPermissions x-goog-quota-user=projects/vue-find-a-coach-app
[debug] [2024-04-30T08:41:20.211Z] >>> [apiv2][body] POST https://cloudresourcemanager.googleapis.com/v1/projects/vue-find-a-coach-app:testIamPermissions {"permissions":["firebase.projects.get","firebasehosting.sites.update"]}
[debug] [2024-04-30T08:41:20.338Z] <<< [apiv2][status] GET https://firebase-public.firebaseio.com/cli.json 200
[debug] [2024-04-30T08:41:20.338Z] <<< [apiv2][body] GET https://firebase-public.firebaseio.com/cli.json {"cloudBuildErrorAfter":1594252800000,"cloudBuildWarnAfter":1590019200000,"defaultNode10After":1594252800000,"minVersion":"3.0.5","node8DeploysDisabledAfter":1613390400000,"node8RuntimeDisabledAfter":1615809600000,"node8WarnAfter":1600128000000}
[debug] [2024-04-30T08:41:21.270Z] <<< [apiv2][status] POST https://cloudresourcemanager.googleapis.com/v1/projects/vue-find-a-coach-app:testIamPermissions 200
[debug] [2024-04-30T08:41:21.270Z] <<< [apiv2][body] POST https://cloudresourcemanager.googleapis.com/v1/projects/vue-find-a-coach-app:testIamPermissions {}
[debug] [2024-04-30T08:41:21.271Z] [iam] error while checking permissions, command may fail: FirebaseError: Authorization failed. This account is missing the following required permissions on project vue-find-a-coach-app:

  firebase.projects.get
  firebasehosting.sites.update
[debug] [2024-04-30T08:41:21.272Z] >>> [apiv2][query] GET https://firebase.googleapis.com/v1beta1/projects/vue-find-a-coach-app [none]
[debug] [2024-04-30T08:41:22.022Z] <<< [apiv2][status] GET https://firebase.googleapis.com/v1beta1/projects/vue-find-a-coach-app 403
[debug] [2024-04-30T08:41:22.022Z] <<< [apiv2][body] GET https://firebase.googleapis.com/v1beta1/projects/vue-find-a-coach-app {"error":{"code":403,"message":"The caller does not have permission","status":"PERMISSION_DENIED"}}
[debug] [2024-04-30T08:41:22.024Z] HTTP Error: 403, The caller does not have permission
[error] 
[error] Error: Assertion failed: resolving hosting target of a site with no site name or target name. This should have caused an error earlier
